# JRE version: OpenJDK Runtime Environment Corretto-17.0.5.8.1 (17.0.5+8) (build 17.0.5+8-LTS)
# Java VM: OpenJDK 64-Bit Server VM Corretto-17.0.5.8.1 (17.0.5+8-LTS, mixed mode, sharing, tiered, compressed oops, compressed class ptrs, g1 gc, linux-amd64)
GC Precious Log:
 CPUs: 4 total, 4 available
 Memory: 19912M
 Large Page Support: Disabled
 NUMA Support: Disabled
 Compressed Oops: Enabled (Zero based)
 Heap Region Size: 4M
 Heap Min Capacity: 8M
 Heap Initial Capacity: 312M
 Heap Max Capacity: 4980M
 Pre-touch: Disabled
 Parallel Workers: 4
 Concurrent Workers: 1
 Concurrent Refinement Workers: 4
 Periodic GC: Disabled
Heap:
 garbage-first heap   total 176128K, used 110752K [0x00000006c8c00000, 0x0000000800000000)
  region size 4096K, 19 young (77824K), 3 survivors (12288K)
 Metaspace       used 43840K, committed 44288K, reserved 1089536K
  class space    used 5003K, committed 5184K, reserved 1048576K
GC Heap History (20 events):
Event: 1,082 GC heap before
{Heap before GC invocations=2 (full 0):
 garbage-first heap   total 327680K, used 40357K [0x00000006c8c00000, 0x0000000800000000)
  region size 4096K, 9 young (36864K), 1 survivors (4096K)
 Metaspace       used 10536K, committed 10688K, reserved 1064960K
  class space    used 1305K, committed 1408K, reserved 1048576K
}
Event: 1,085 GC heap after
{Heap after GC invocations=3 (full 0):
 garbage-first heap   total 327680K, used 9217K [0x00000006c8c00000, 0x0000000800000000)
  region size 4096K, 1 young (4096K), 1 survivors (4096K)
 Metaspace       used 10536K, committed 10688K, reserved 1064960K
  class space    used 1305K, committed 1408K, reserved 1048576K
}
Event: 3,031 GC heap before
{Heap before GC invocations=3 (full 0):
 garbage-first heap   total 327680K, used 193537K [0x00000006c8c00000, 0x0000000800000000)
  region size 4096K, 46 young (188416K), 1 survivors (4096K)
 Metaspace       used 20763K, committed 20992K, reserved 1073152K
  class space    used 2241K, committed 2368K, reserved 1048576K
}
Event: 3,045 GC heap after
{Heap after GC invocations=4 (full 0):
 garbage-first heap   total 327680K, used 22161K [0x00000006c8c00000, 0x0000000800000000)
  region size 4096K, 4 young (16384K), 4 survivors (16384K)
 Metaspace       used 20763K, committed 20992K, reserved 1073152K
  class space    used 2241K, committed 2368K, reserved 1048576K
}
Event: 3,085 GC heap before
{Heap before GC invocations=4 (full 0):
 garbage-first heap   total 327680K, used 26257K [0x00000006c8c00000, 0x0000000800000000)
  region size 4096K, 6 young (24576K), 4 survivors (16384K)
 Metaspace       used 21327K, committed 21504K, reserved 1073152K
  class space    used 2334K, committed 2432K, reserved 1048576K
}
Event: 3,097 GC heap after
{Heap after GC invocations=5 (full 0):
 garbage-first heap   total 327680K, used 23640K [0x00000006c8c00000, 0x0000000800000000)
  region size 4096K, 1 young (4096K), 1 survivors (4096K)
 Metaspace       used 21327K, committed 21504K, reserved 1073152K
  class space    used 2334K, committed 2432K, reserved 1048576K
}
Event: 4,143 GC heap before
{Heap before GC invocations=6 (full 0):
 garbage-first heap   total 122880K, used 93272K [0x00000006c8c00000, 0x0000000800000000)
  region size 4096K, 18 young (73728K), 1 survivors (4096K)
 Metaspace       used 26645K, committed 27008K, reserved 1073152K
  class space    used 2991K, committed 3136K, reserved 1048576K
}
Event: 4,148 GC heap after
{Heap after GC invocations=7 (full 0):
 garbage-first heap   total 122880K, used 26279K [0x00000006c8c00000, 0x0000000800000000)
  region size 4096K, 2 young (8192K), 2 survivors (8192K)
 Metaspace       used 26645K, committed 27008K, reserved 1073152K
  class space    used 2991K, committed 3136K, reserved 1048576K
}
Event: 4,196 GC heap before
{Heap before GC invocations=7 (full 0):
 garbage-first heap   total 122880K, used 63143K [0x00000006c8c00000, 0x0000000800000000)
  region size 4096K, 3 young (12288K), 2 survivors (8192K)
 Metaspace       used 27017K, committed 27392K, reserved 1073152K
  class space    used 3015K, committed 3200K, reserved 1048576K
}
Event: 4,202 GC heap after
{Heap after GC invocations=8 (full 0):
 garbage-first heap   total 122880K, used 26470K [0x00000006c8c00000, 0x0000000800000000)
  region size 4096K, 1 young (4096K), 1 survivors (4096K)
 Metaspace       used 27017K, committed 27392K, reserved 1073152K
  class space    used 3015K, committed 3200K, reserved 1048576K
}
Event: 5,020 GC heap before
{Heap before GC invocations=8 (full 0):
 garbage-first heap   total 122880K, used 83814K [0x00000006c8c00000, 0x0000000800000000)
  region size 4096K, 15 young (61440K), 1 survivors (4096K)
 Metaspace       used 35534K, committed 35904K, reserved 1081344K
  class space    used 3992K, committed 4160K, reserved 1048576K
}
Event: 5,034 GC heap after
{Heap after GC invocations=9 (full 0):
 garbage-first heap   total 122880K, used 37329K [0x00000006c8c00000, 0x0000000800000000)
  region size 4096K, 2 young (8192K), 2 survivors (8192K)
 Metaspace       used 35534K, committed 35904K, reserved 1081344K
  class space    used 3992K, committed 4160K, reserved 1048576K
}
Event: 5,165 GC heap before
{Heap before GC invocations=9 (full 0):
 garbage-first heap   total 122880K, used 49617K [0x00000006c8c00000, 0x0000000800000000)
  region size 4096K, 6 young (24576K), 2 survivors (8192K)
 Metaspace       used 35837K, committed 36160K, reserved 1081344K
  class space    used 4005K, committed 4160K, reserved 1048576K
}
Event: 5,178 GC heap after
{Heap after GC invocations=10 (full 0):
 garbage-first heap   total 122880K, used 40802K [0x00000006c8c00000, 0x0000000800000000)
  region size 4096K, 1 young (4096K), 1 survivors (4096K)
 Metaspace       used 35837K, committed 36160K, reserved 1081344K
  class space    used 4005K, committed 4160K, reserved 1048576K
}
Event: 5,877 GC heap before
{Heap before GC invocations=11 (full 0):
 garbage-first heap   total 122880K, used 81762K [0x00000006c8c00000, 0x0000000800000000)
  region size 4096K, 11 young (45056K), 1 survivors (4096K)
 Metaspace       used 38406K, committed 38784K, reserved 1089536K
  class space    used 4257K, committed 4416K, reserved 1048576K
}
Event: 5,887 GC heap after
{Heap after GC invocations=12 (full 0):
 garbage-first heap   total 122880K, used 43358K [0x00000006c8c00000, 0x0000000800000000)
  region size 4096K, 2 young (8192K), 2 survivors (8192K)
 Metaspace       used 38406K, committed 38784K, reserved 1089536K
  class space    used 4257K, committed 4416K, reserved 1048576K
}
Event: 6,109 GC heap before
{Heap before GC invocations=12 (full 0):
 garbage-first heap   total 122880K, used 63838K [0x00000006c8c00000, 0x0000000800000000)
  region size 4096K, 6 young (24576K), 2 survivors (8192K)
 Metaspace       used 39781K, committed 40256K, reserved 1089536K
  class space    used 4464K, committed 4672K, reserved 1048576K
}
Event: 6,117 GC heap after
{Heap after GC invocations=13 (full 0):
 garbage-first heap   total 176128K, used 52865K [0x00000006c8c00000, 0x0000000800000000)
  region size 4096K, 1 young (4096K), 1 survivors (4096K)
 Metaspace       used 39781K, committed 40256K, reserved 1089536K
  class space    used 4464K, committed 4672K, reserved 1048576K
}
Event: 6,625 GC heap before
{Heap before GC invocations=13 (full 0):
 garbage-first heap   total 176128K, used 151169K [0x00000006c8c00000, 0x0000000800000000)
  region size 4096K, 19 young (77824K), 1 survivors (4096K)
 Metaspace       used 40211K, committed 40576K, reserved 1089536K
  class space    used 4504K, committed 4672K, reserved 1048576K
}
Event: 6,633 GC heap after
{Heap after GC invocations=14 (full 0):
 garbage-first heap   total 176128K, used 49312K [0x00000006c8c00000, 0x0000000800000000)
  region size 4096K, 3 young (12288K), 3 survivors (12288K)
 Metaspace       used 40211K, committed 40576K, reserved 1089536K
  class space    used 4504K, committed 4672K, reserved 1048576K
}

